# JRE version: OpenJDK Runtime Environment (8.0_242-b01) (build 1.8.0_242-release-1644-b01)
# Java VM: OpenJDK 64-Bit Server VM (25.242-b01 mixed mode windows-amd64 compressed oops)
Heap:
 PSYoungGen      total 392704K, used 274576K [0x00000000e0000000, 0x00000000ff580000, 0x0000000100000000)
  eden space 284160K, 84% used [0x00000000e0000000,0x00000000ee9ef3c8,0x00000000f1580000)
  from space 108544K, 32% used [0x00000000f8b80000,0x00000000fadb4cc0,0x00000000ff580000)
  to   space 114688K, 0% used [0x00000000f1580000,0x00000000f1580000,0x00000000f8580000)
 ParOldGen       total 357888K, used 174012K [0x00000000a0000000, 0x00000000b5d80000, 0x00000000e0000000)
  object space 357888K, 48% used [0x00000000a0000000,0x00000000aa9ef2b8,0x00000000b5d80000)
 Metaspace       used 99251K, capacity 105212K, committed 105368K, reserved 1140736K
  class space    used 12895K, capacity 13933K, committed 14000K, reserved 1048576K
GC Heap History (10 events):
Event: 2366.147 GC heap before
{Heap before GC invocations=36 (full 6):
 PSYoungGen      total 365056K, used 96743K [0x00000000e0000000, 0x0000000100000000, 0x0000000100000000)
  eden space 268288K, 0% used [0x00000000e0000000,0x00000000e0000000,0x00000000f0600000)
  from space 96768K, 99% used [0x00000000fa180000,0x00000000ffff9fc0,0x0000000100000000)
  to   space 128000K, 0% used [0x00000000f0600000,0x00000000f0600000,0x00000000f8300000)
 ParOldGen       total 347648K, used 313855K [0x00000000a0000000, 0x00000000b5380000, 0x00000000e0000000)
  object space 347648K, 90% used [0x00000000a0000000,0x00000000b327fe00,0x00000000b5380000)
 Metaspace       used 98753K, capacity 104704K, committed 104856K, reserved 1140736K
  class space    used 12898K, capacity 13941K, committed 14000K, reserved 1048576K
Event: 2371.956 GC heap after
Heap after GC invocations=36 (full 6):
 PSYoungGen      total 365056K, used 0K [0x00000000e0000000, 0x0000000100000000, 0x0000000100000000)
  eden space 268288K, 0% used [0x00000000e0000000,0x00000000e0000000,0x00000000f0600000)
  from space 96768K, 0% used [0x00000000fa180000,0x00000000fa180000,0x0000000100000000)
  to   space 128000K, 0% used [0x00000000f0600000,0x00000000f0600000,0x00000000f8300000)
 ParOldGen       total 357888K, used 173988K [0x00000000a0000000, 0x00000000b5d80000, 0x00000000e0000000)
  object space 357888K, 48% used [0x00000000a0000000,0x00000000aa9e92b8,0x00000000b5d80000)
 Metaspace       used 97974K, capacity 103354K, committed 104856K, reserved 1140736K
  class space    used 12763K, capacity 13690K, committed 14000K, reserved 1048576K
}
Event: 2374.764 GC heap before
{Heap before GC invocations=37 (full 6):
 PSYoungGen      total 365056K, used 267322K [0x00000000e0000000, 0x0000000100000000, 0x0000000100000000)
  eden space 268288K, 99% used [0x00000000e0000000,0x00000000f050e810,0x00000000f0600000)
  from space 96768K, 0% used [0x00000000fa180000,0x00000000fa180000,0x0000000100000000)
  to   space 128000K, 0% used [0x00000000f0600000,0x00000000f0600000,0x00000000f8300000)
 ParOldGen       total 357888K, used 173988K [0x00000000a0000000, 0x00000000b5d80000, 0x00000000e0000000)
  object space 357888K, 48% used [0x00000000a0000000,0x00000000aa9e92b8,0x00000000b5d80000)
 Metaspace       used 98103K, capacity 103604K, committed 104856K, reserved 1140736K
  class space    used 12785K, capacity 13731K, committed 14000K, reserved 1048576K
Event: 2374.805 GC heap after
Heap after GC invocations=37 (full 6):
 PSYoungGen      total 396288K, used 24655K [0x00000000e0000000, 0x0000000100000000, 0x0000000100000000)
  eden space 268288K, 0% used [0x00000000e0000000,0x00000000e0000000,0x00000000f0600000)
  from space 128000K, 19% used [0x00000000f0600000,0x00000000f1e13c58,0x00000000f8300000)
  to   space 125952K, 0% used [0x00000000f8500000,0x00000000f8500000,0x0000000100000000)
 ParOldGen       total 357888K, used 173988K [0x00000000a0000000, 0x00000000b5d80000, 0x00000000e0000000)
  object space 357888K, 48% used [0x00000000a0000000,0x00000000aa9e92b8,0x00000000b5d80000)
 Metaspace       used 98103K, capacity 103604K, committed 104856K, reserved 1140736K
  class space    used 12785K, capacity 13731K, committed 14000K, reserved 1048576K
}
Event: 2427.347 GC heap before
{Heap before GC invocations=38 (full 6):
 PSYoungGen      total 396288K, used 292943K [0x00000000e0000000, 0x0000000100000000, 0x0000000100000000)
  eden space 268288K, 100% used [0x00000000e0000000,0x00000000f0600000,0x00000000f0600000)
  from space 128000K, 19% used [0x00000000f0600000,0x00000000f1e13c58,0x00000000f8300000)
  to   space 125952K, 0% used [0x00000000f8500000,0x00000000f8500000,0x0000000100000000)
 ParOldGen       total 357888K, used 173988K [0x00000000a0000000, 0x00000000b5d80000, 0x00000000e0000000)
  object space 357888K, 48% used [0x00000000a0000000,0x00000000aa9e92b8,0x00000000b5d80000)
 Metaspace       used 98907K, capacity 104818K, committed 105112K, reserved 1140736K
  class space    used 12876K, capacity 13900K, committed 14000K, reserved 1048576K
Event: 2427.405 GC heap after
Heap after GC invocations=38 (full 6):
 PSYoungGen      total 384000K, used 39810K [0x00000000e0000000, 0x00000000ff400000, 0x0000000100000000)
  eden space 270336K, 0% used [0x00000000e0000000,0x00000000e0000000,0x00000000f0800000)
  from space 113664K, 35% used [0x00000000f8500000,0x00000000fabe0a10,0x00000000ff400000)
  to   space 120832K, 0% used [0x00000000f0800000,0x00000000f0800000,0x00000000f7e00000)
 ParOldGen       total 357888K, used 173996K [0x00000000a0000000, 0x00000000b5d80000, 0x00000000e0000000)
  object space 357888K, 48% used [0x00000000a0000000,0x00000000aa9eb2b8,0x00000000b5d80000)
 Metaspace       used 98907K, capacity 104818K, committed 105112K, reserved 1140736K
  class space    used 12876K, capacity 13900K, committed 14000K, reserved 1048576K
}
Event: 3267.402 GC heap before
{Heap before GC invocations=39 (full 6):
 PSYoungGen      total 384000K, used 310146K [0x00000000e0000000, 0x00000000ff400000, 0x0000000100000000)
  eden space 270336K, 100% used [0x00000000e0000000,0x00000000f0800000,0x00000000f0800000)
  from space 113664K, 35% used [0x00000000f8500000,0x00000000fabe0a10,0x00000000ff400000)
  to   space 120832K, 0% used [0x00000000f0800000,0x00000000f0800000,0x00000000f7e00000)
 ParOldGen       total 357888K, used 173996K [0x00000000a0000000, 0x00000000b5d80000, 0x00000000e0000000)
  object space 357888K, 48% used [0x00000000a0000000,0x00000000aa9eb2b8,0x00000000b5d80000)
 Metaspace       used 99058K, capacity 104988K, committed 105368K, reserved 1140736K
  class space    used 12880K, capacity 13907K, committed 14000K, reserved 1048576K
Event: 3267.446 GC heap after
Heap after GC invocations=39 (full 6):
 PSYoungGen      total 391168K, used 19732K [0x00000000e0000000, 0x0000000100000000, 0x0000000100000000)
  eden space 270336K, 0% used [0x00000000e0000000,0x00000000e0000000,0x00000000f0800000)
  from space 120832K, 16% used [0x00000000f0800000,0x00000000f1b45370,0x00000000f7e00000)
  to   space 119296K, 0% used [0x00000000f8b80000,0x00000000f8b80000,0x0000000100000000)
 ParOldGen       total 357888K, used 174004K [0x00000000a0000000, 0x00000000b5d80000, 0x00000000e0000000)
  object space 357888K, 48% used [0x00000000a0000000,0x00000000aa9ed2b8,0x00000000b5d80000)
 Metaspace       used 99058K, capacity 104988K, committed 105368K, reserved 1140736K
  class space    used 12880K, capacity 13907K, committed 14000K, reserved 1048576K
}
Event: 3276.169 GC heap before
{Heap before GC invocations=40 (full 6):
 PSYoungGen      total 391168K, used 290068K [0x00000000e0000000, 0x0000000100000000, 0x0000000100000000)
  eden space 270336K, 100% used [0x00000000e0000000,0x00000000f0800000,0x00000000f0800000)
  from space 120832K, 16% used [0x00000000f0800000,0x00000000f1b45370,0x00000000f7e00000)
  to   space 119296K, 0% used [0x00000000f8b80000,0x00000000f8b80000,0x0000000100000000)
 ParOldGen       total 357888K, used 174004K [0x00000000a0000000, 0x00000000b5d80000, 0x00000000e0000000)
  object space 357888K, 48% used [0x00000000a0000000,0x00000000aa9ed2b8,0x00000000b5d80000)
 Metaspace       used 99240K, capacity 105208K, committed 105368K, reserved 1140736K
  class space    used 12895K, capacity 13933K, committed 14000K, reserved 1048576K
Event: 3276.453 GC heap after
Heap after GC invocations=40 (full 6):
 PSYoungGen      total 392704K, used 35027K [0x00000000e0000000, 0x00000000ff580000, 0x0000000100000000)
  eden space 284160K, 0% used [0x00000000e0000000,0x00000000e0000000,0x00000000f1580000)
  from space 108544K, 32% used [0x00000000f8b80000,0x00000000fadb4cc0,0x00000000ff580000)
  to   space 114688K, 0% used [0x00000000f1580000,0x00000000f1580000,0x00000000f8580000)
 ParOldGen       total 357888K, used 174012K [0x00000000a0000000, 0x00000000b5d80000, 0x00000000e0000000)
  object space 357888K, 48% used [0x00000000a0000000,0x00000000aa9ef2b8,0x00000000b5d80000)
 Metaspace       used 99240K, capacity 105208K, committed 105368K, reserved 1140736K
  class space    used 12895K, capacity 13933K, committed 14000K, reserved 1048576K
}

